got to here okanother test...user is rootuser is rootuser is rootuser is user is rootThe number is: 0The number is: 1The number is: 2The number is: 3The number is: 4The number is: 5The number is: 6The number is: 7The number is: 8The number is: 9The number is: 10user is rootThe number is: 0The number is: 1The number is: 2The number is: 3The number is: 4The number is: 5The number is: 6The number is: 7The number is: 8The number is: 9The number is: 10user is rootThe number is: 0 
The number is: 1 
The number is: 2 
The number is: 3 
The number is: 4 
The number is: 5 
The number is: 6 
The number is: 7 
The number is: 8 
The number is: 9 
The number is: 10 
user is rootThe number is: 0 
The number is: 1 
The number is: 2 
The number is: 3 
The number is: 4 
The number is: 5 
The number is: 6 
The number is: 7 
The number is: 8 
The number is: 9 
The number is: 10 
user is rootThe number is: 0
The number is: 1
The number is: 2
The number is: 3
The number is: 4
The number is: 5
The number is: 6
The number is: 7
The number is: 8
The number is: 9
The number is: 10
user is rootThe number is: 0
The number is: 1
The number is: 2
The number is: 3
The number is: 4
The number is: 5
The number is: 6
The number is: 7
The number is: 8
The number is: 9
The number is: 10
user is rootThe number is: 0
The number is: 1
The number is: 2
The number is: 3
The number is: 4
The number is: 5
The number is: 6
The number is: 7
The number is: 8
The number is: 9
The number is: 10
user is rootThe number is: 0
The number is: 1
The number is: 2
The number is: 3
The number is: 4
The number is: 5
The number is: 6
The number is: 7
The number is: 8
The number is: 9
The number is: 10
user is rootThe number is: 0
The number is: 1
The number is: 2
The number is: 3
The number is: 4
The number is: 5
The number is: 6
The number is: 7
The number is: 8
The number is: 9
The number is: 10
hello worlduser is rootThe number is: 0
The number is: 1
The number is: 2
The number is: 3
The number is: 4
The number is: 5
The number is: 6
The number is: 7
The number is: 8
The number is: 9
The number is: 10
hello worlduser is rootThe number is: 0
The number is: 1
The number is: 2
The number is: 3
The number is: 4
The number is: 5
The number is: 6
The number is: 7
The number is: 8
The number is: 9
The number is: 10
hello worlduser is rootThe number is: 0
The number is: 1
The number is: 2
The number is: 3
The number is: 4
The number is: 5
The number is: 6
The number is: 7
The number is: 8
The number is: 9
The number is: 10
hello worlduser is rootuser is rootuser is rootuser is rootThe number is: 0
The number is: 1
The number is: 2
The number is: 3
The number is: 4
The number is: 5
The number is: 6
The number is: 7
The number is: 8
The number is: 9
The number is: 10
hello worldline 7 (check.php) testing!!!
line 7 (check.php) testing!!!
line 7 (check.php) testing!!!
line 6 (check.php) testing!!!
Line 12 in check.php, Use of undefined constant notices - assumed 'notices'  (ErrorException)line 6 (check.php) testing!!!
Line 12 in check.php, Use of undefined constant notices - assumed 'notices'  (ErrorException)line 6 (check.php) testing!!!
line 12 (check.php) Array
(
    [0] => Volvo
    [1] => BMW
    [2] => Toyota
)

line 6 (check.php) testing!!!
line 12 (check.php) Array
(
    [0] => Volvo
    [1] => BMW
    [2] => Toyota
)

line 16 (check.php) cars length is 3
line 6 (check.php) testing!!!
line 12 (check.php) Array
(
    [0] => Volvo
    [1] => BMW
    [2] => Toyota
)

line 16 (check.php) cars length is 3
line 6 (check.php) testing!!!
line 12 (check.php) Array
(
    [0] => Volvo
    [1] => BMW
    [2] => Toyota
)

line 16 (check.php) cars length is 3
line 6 (check.php) testing!!!
line 12 (check.php) Array
(
    [0] => Volvo
    [1] => BMW
    [2] => Toyota
)

line 16 (check.php) cars length is 3
line 6 (check.php) testing!!!
line 12 (check.php) Array
(
    [0] => Volvo
    [1] => BMW
    [2] => Toyota
)

line 16 (check.php) cars length is 3
line 6 (check.php) testing!!!
line 12 (check.php) Array
(
    [0] => Volvo
    [1] => BMW
    [2] => Toyota
)

line 16 (check.php) cars length is 3
line 6 (check.php) testing!!!
line 12 (check.php) Array
(
    [0] => Volvo
    [1] => BMW
    [2] => Toyota
)

line 16 (check.php) cars length is 3
line 6 (check.php) testing!!!
line 12 (check.php) Array
(
    [0] => Volvo
    [1] => BMW
    [2] => Toyota
)

line 16 (check.php) cars length is 3
line 22 (check.php) Volvo
line 22 (check.php) BMW
line 22 (check.php) Toyota
line 6 (check.php) testing!!!
line 10 (check.php) Peter is 35 years old.
line 6 (check.php) testing!!!
line 6 (check.php) testing!!!
line 6 (check.php) testing!!!
line 6 (check.php) testing!!!
line 6 (check.php) testing!!!
line 5 (form-reply.php) form is working!
line 7 (form-reply.php) Array
(
    [name] => a
    [email] => a
)

line 5 (form-reply.php) form is working!
line 7 (form-reply.php) Array
(
    [name] => a
    [email] => a
)

line 5 (form-reply.php) form is working!
line 7 (form-reply.php) Array
(
    [name] => bill
    [email] => bill@bill.com
)

line 5 (form-reply.php) form is working!
line 7 (form-reply.php) Array
(
    [name] => bill
    [email] => bill@bill.com
)

line 5 (form-reply.php) form is working!
line 7 (form-reply.php) Array
(
    [name] => aaaa
    [email] => aaaa
)

line 5 (form-reply.php) form is working!
line 7 (form-reply.php) Array
(
    [name] => aaa
    [email] => aaa
)

line 5 (form-reply.php) form is working!
line 7 (form-reply.php) Array
(
    [name] => aaaa
    [email] => aaaa
)

